<User>
    <Name>Petya</Name>
    <Age>30</Age>
    <Hobby>JavaScript</Hobby>
</User>